<?xml version="1.0" encoding="UTF-8"?>
<testng-results skipped="0" failed="0" total="1" passed="1">
  <reporter-output>
  </reporter-output>
  <suite name="Default suite" duration-ms="4177" started-at="2018-06-05T01:54:24Z" finished-at="2018-06-05T01:54:28Z">
    <groups>
    </groups>
    <test name="Default test" duration-ms="4177" started-at="2018-06-05T01:54:24Z" finished-at="2018-06-05T01:54:28Z">
      <class name="test.rsTest">
        <test-method status="PASS" signature="beforeTest()[pri:0, instance:test.rsTest@26be92ad]" name="beforeTest" is-config="true" duration-ms="2902" started-at="2018-06-04T18:54:24Z" finished-at="2018-06-04T18:54:27Z">
          <reporter-output>
          </reporter-output>
        </test-method> <!-- beforeTest -->
        <test-method status="PASS" signature="Find_given_user_within_response()[pri:0, instance:test.rsTest@26be92ad]" name="Find_given_user_within_response" duration-ms="1262" started-at="2018-06-04T18:54:27Z" finished-at="2018-06-04T18:54:28Z">
          <reporter-output>
          </reporter-output>
        </test-method> <!-- Find_given_user_within_response -->
      </class> <!-- test.rsTest -->
    </test> <!-- Default test -->
  </suite> <!-- Default suite -->
</testng-results>
