<?xml version="1.0" encoding="UTF-8"?>
<testng-results skipped="4" failed="0" total="4" passed="0">
  <reporter-output>
  </reporter-output>
  <suite name="softwaretestingmaterial" duration-ms="335" started-at="2018-06-05T21:52:54Z" finished-at="2018-06-05T21:52:54Z">
    <groups>
    </groups>
    <test name="testnFirstTest" duration-ms="335" started-at="2018-06-05T21:52:54Z" finished-at="2018-06-05T21:52:54Z">
      <class name="test.firstTest">
        <test-method status="FAIL" signature="beforeClass(java.lang.String, java.lang.String, boolean)[pri:0, instance:test.firstTest@5b275dab]" name="beforeClass" is-config="true" duration-ms="0" started-at="2018-06-05T14:52:54Z" finished-at="2018-06-05T14:52:54Z">
          <params>
            <param index="0">
              <value>
                <![CDATA[firefox]]>
              </value>
            </param>
            <param index="1">
              <value>
                <![CDATA[/Users/qa/eclipse-workspace/mavenProject/src/test/resources/]]>
              </value>
            </param>
            <param index="2">
              <value>
                <![CDATA[true]]>
              </value>
            </param>
          </params>
          <exception class="java.lang.IllegalStateException">
            <message>
              <![CDATA[The driver executable does not exist: /Users/qa/eclipse-workspace/mavenProject/src/test/resources/geckodriver]]>
            </message>
            <full-stacktrace>
              <![CDATA[java.lang.IllegalStateException: The driver executable does not exist: /Users/qa/eclipse-workspace/mavenProject/src/test/resources/geckodriver
	at com.google.common.base.Preconditions.checkState(Preconditions.java:534)
	at org.openqa.selenium.remote.service.DriverService.checkExecutable(DriverService.java:136)
	at org.openqa.selenium.remote.service.DriverService.findExecutable(DriverService.java:131)
	at org.openqa.selenium.firefox.GeckoDriverService.access$100(GeckoDriverService.java:41)
	at org.openqa.selenium.firefox.GeckoDriverService$Builder.findDefaultExecutable(GeckoDriverService.java:141)
	at org.openqa.selenium.remote.service.DriverService$Builder.build(DriverService.java:339)
	at org.openqa.selenium.firefox.FirefoxDriver.toExecutor(FirefoxDriver.java:158)
	at org.openqa.selenium.firefox.FirefoxDriver.<init>(FirefoxDriver.java:120)
	at org.openqa.selenium.firefox.FirefoxDriver.<init>(FirefoxDriver.java:98)
	at test.firstTest.beforeClass(firstTest.java:124)
	at sun.reflect.NativeMethodAccessorImpl.invoke0(Native Method)
	at sun.reflect.NativeMethodAccessorImpl.invoke(NativeMethodAccessorImpl.java:62)
	at sun.reflect.DelegatingMethodAccessorImpl.invoke(DelegatingMethodAccessorImpl.java:43)
	at java.lang.reflect.Method.invoke(Method.java:498)
	at org.testng.internal.MethodInvocationHelper.invokeMethod(MethodInvocationHelper.java:86)
	at org.testng.internal.Invoker.invokeConfigurationMethod(Invoker.java:514)
	at org.testng.internal.Invoker.invokeConfigurations(Invoker.java:215)
	at org.testng.internal.Invoker.invokeConfigurations(Invoker.java:142)
	at org.testng.internal.TestMethodWorker.invokeBeforeClassMethods(TestMethodWorker.java:178)
	at org.testng.internal.TestMethodWorker.run(TestMethodWorker.java:108)
	at org.testng.TestRunner.privateRun(TestRunner.java:782)
	at org.testng.TestRunner.run(TestRunner.java:632)
	at org.testng.SuiteRunner.runTest(SuiteRunner.java:366)
	at org.testng.SuiteRunner.runSequentially(SuiteRunner.java:361)
	at org.testng.SuiteRunner.privateRun(SuiteRunner.java:319)
	at org.testng.SuiteRunner.run(SuiteRunner.java:268)
	at org.testng.SuiteRunnerWorker.runSuite(SuiteRunnerWorker.java:52)
	at org.testng.SuiteRunnerWorker.run(SuiteRunnerWorker.java:86)
	at org.testng.TestNG.runSuitesSequentially(TestNG.java:1244)
	at org.testng.TestNG.runSuitesLocally(TestNG.java:1169)
	at org.testng.TestNG.run(TestNG.java:1064)
	at org.testng.remote.AbstractRemoteTestNG.run(AbstractRemoteTestNG.java:114)
	at org.testng.remote.RemoteTestNG.initAndRun(RemoteTestNG.java:251)
	at org.testng.remote.RemoteTestNG.main(RemoteTestNG.java:77)
]]>
            </full-stacktrace>
          </exception> <!-- java.lang.IllegalStateException -->
          <reporter-output>
          </reporter-output>
        </test-method> <!-- beforeClass -->
        <test-method status="SKIP" signature="openGoogleHomepage()[pri:0, instance:test.firstTest@5b275dab]" name="openGoogleHomepage" duration-ms="1" started-at="2018-06-05T14:52:54Z" finished-at="2018-06-05T14:52:54Z">
          <reporter-output>
          </reporter-output>
        </test-method> <!-- openGoogleHomepage -->
        <test-method status="SKIP" signature="hitGmailLink()[pri:1, instance:test.firstTest@5b275dab]" name="hitGmailLink" duration-ms="1" started-at="2018-06-05T14:52:54Z" finished-at="2018-06-05T14:52:54Z">
          <reporter-output>
          </reporter-output>
        </test-method> <!-- hitGmailLink -->
        <test-method status="SKIP" signature="loggingIn(java.lang.String, java.lang.String, java.lang.String)[pri:3, instance:test.firstTest@5b275dab]" name="loggingIn" duration-ms="1" started-at="2018-06-05T14:52:54Z" finished-at="2018-06-05T14:52:54Z">
          <params>
            <param index="0">
              <value>
                <![CDATA[rzheng2018@gmail.com]]>
              </value>
            </param>
            <param index="1">
              <value>
                <![CDATA[fx040506]]>
              </value>
            </param>
            <param index="2">
              <value>
                <![CDATA[/Users/qa/eclipse-workspace/mavenProject/src/test/resources/]]>
              </value>
            </param>
          </params>
          <reporter-output>
          </reporter-output>
        </test-method> <!-- loggingIn -->
        <test-method status="SKIP" signature="loggingIn()[pri:4, instance:test.firstTest@5b275dab]" name="loggingIn" duration-ms="1" started-at="2018-06-05T14:52:54Z" finished-at="2018-06-05T14:52:54Z">
          <reporter-output>
          </reporter-output>
        </test-method> <!-- loggingIn -->
        <test-method status="SKIP" signature="afterClass(java.lang.String)[pri:0, instance:test.firstTest@5b275dab]" name="afterClass" is-config="true" duration-ms="0" started-at="2018-06-05T14:52:54Z" finished-at="2018-06-05T14:52:54Z">
          <reporter-output>
          </reporter-output>
        </test-method> <!-- afterClass -->
      </class> <!-- test.firstTest -->
    </test> <!-- testnFirstTest -->
  </suite> <!-- softwaretestingmaterial -->
</testng-results>
