<?xml version="1.0" encoding="UTF-8"?>
<!-- Generated by org.testng.reporters.JUnitXMLReporter -->
<testsuite hostname="Daniels-MacBook-Pro.local" name="testnFirstTest" tests="4" failures="0" timestamp="5 Jun 2018 21:52:59 GMT" time="0.335" errors="0">
  <testcase name="@BeforeClass beforeClass" time="0.0" classname="test.firstTest">
    <failure type="java.lang.IllegalStateException" message="The driver executable does not exist: /Users/qa/eclipse-workspace/mavenProject/src/test/resources/geckodriver">
      <![CDATA[java.lang.IllegalStateException: The driver executable does not exist: /Users/qa/eclipse-workspace/mavenProject/src/test/resources/geckodriver
	at com.google.common.base.Preconditions.checkState(Preconditions.java:534)
	at org.openqa.selenium.remote.service.DriverService.checkExecutable(DriverService.java:136)
	at org.openqa.selenium.remote.service.DriverService.findExecutable(DriverService.java:131)
	at org.openqa.selenium.firefox.GeckoDriverService.access$100(GeckoDriverService.java:41)
	at org.openqa.selenium.firefox.GeckoDriverService$Builder.findDefaultExecutable(GeckoDriverService.java:141)
	at org.openqa.selenium.remote.service.DriverService$Builder.build(DriverService.java:339)
	at org.openqa.selenium.firefox.FirefoxDriver.toExecutor(FirefoxDriver.java:158)
	at org.openqa.selenium.firefox.FirefoxDriver.<init>(FirefoxDriver.java:120)
	at org.openqa.selenium.firefox.FirefoxDriver.<init>(FirefoxDriver.java:98)
	at test.firstTest.beforeClass(firstTest.java:124)
... Removed 24 stack frames]]>
    </failure>
  </testcase> <!-- @BeforeClass beforeClass -->
  <testcase name="@AfterClass afterClass" time="0.0" classname="test.firstTest">
    <skipped/>
  </testcase> <!-- @AfterClass afterClass -->
  <testcase name="openGoogleHomepage" time="0.001" classname="test.firstTest">
    <skipped/>
  </testcase> <!-- openGoogleHomepage -->
  <testcase name="hitGmailLink" time="0.001" classname="test.firstTest">
    <skipped/>
  </testcase> <!-- hitGmailLink -->
  <testcase name="loggingIn" time="0.001" classname="test.firstTest">
    <skipped/>
  </testcase> <!-- loggingIn -->
  <testcase name="loggingIn" time="0.001" classname="test.firstTest">
    <skipped/>
  </testcase> <!-- loggingIn -->
</testsuite> <!-- testnFirstTest -->
